-------------------------------------------------------------------------------
Test set: com.payment.service.riskengine.SpringKafkaReceiverTest
-------------------------------------------------------------------------------
Tests run: 1, Failures: 1, Errors: 0, Skipped: 0, Time elapsed: 77.94 s <<< FAILURE! - in com.payment.service.riskengine.SpringKafkaReceiverTest
testReceive(com.payment.service.riskengine.SpringKafkaReceiverTest)  Time elapsed: 62.362 s  <<< FAILURE!
org.junit.ComparisonFailure: expected:<[2]> but was:<[0]>
	at com.payment.service.riskengine.SpringKafkaReceiverTest.setUp(SpringKafkaReceiverTest.java:67)

