<?xml version="1.0" encoding="UTF-8"?>
<testsuite xmlns:xsi="http://www.w3.org/2001/XMLSchema-instance" xsi:noNamespaceSchemaLocation="https://maven.apache.org/surefire/maven-surefire-plugin/xsd/surefire-test-report.xsd" name="com.payment.service.riskengine.SpringKafkaReceiverTest" time="77.94" tests="1" errors="0" skipped="0" failures="1">
  <properties>
[...]
</properties>
  <testcase name="testReceive" classname="com.payment.service.riskengine.SpringKafkaReceiverTest" time="62.362">
    <failure message="expected:&lt;[2]&gt; but was:&lt;[0]&gt;" type="org.junit.ComparisonFailure"><![CDATA[org.junit.ComparisonFailure: expected:<[2]> but was:<[0]>
	at com.payment.service.riskengine.SpringKafkaReceiverTest.setUp(SpringKafkaReceiverTest.java:67)
]]></failure>
    <system-out><![CDATA[09:35:50.756 [main] WARN  k.server.BrokerMetadataCheckpoint - No meta.properties file under dir /var/folders/nb/yq563y516hjb3220yb4zmdhm0000gn/T/kafka-8665944408703431513/meta.properties
09:35:51.183 [main] WARN  k.server.BrokerMetadataCheckpoint - No meta.properties file under dir /var/folders/nb/yq563y516hjb3220yb4zmdhm0000gn/T/kafka-8665944408703431513/meta.properties

  .   ____          _            __ _ _
 /\\ / ___'_ __ _ _(_)_ __  __ _ \ \ \ \
( ( )\___ | '_ | '_| | '_ \/ _` | \ \ \ \
 \\/  ___)| |_)| | | | | || (_| |  ) ) ) )
  '  |____| .__|_| |_|_| |_\__, | / / / /
 =========|_|==============|___/=/_/_/_/
 :: Spring Boot ::        (v2.1.0.RELEASE)

09:35:51.750 [main] INFO  c.p.s.r.SpringKafkaReceiverTest - Starting SpringKafkaReceiverTest on oksanas-mac with PID 44701 (started by oksanas in /Users/oksanas/Documents/payment-server/riskengine)
09:35:51.751 [main] INFO  c.p.s.r.SpringKafkaReceiverTest - No active profile set, falling back to default profiles: default
09:35:57.019 [org.springframework.kafka.KafkaListenerEndpointContainer#0-0-C-1] WARN  o.apache.kafka.clients.NetworkClient - [Consumer clientId=consumer-1, groupId=payment_service_craft] Connection to node -1 could not be established. Broker may not be available.
09:35:57.026 [main] INFO  c.p.s.r.SpringKafkaReceiverTest - Started SpringKafkaReceiverTest in 5.457 seconds (JVM running for 12.042)
09:35:57.074 [org.springframework.kafka.KafkaListenerEndpointContainer#0-0-C-1] WARN  o.apache.kafka.clients.NetworkClient - [Consumer clientId=consumer-1, groupId=payment_service_craft] Connection to node -1 could not be established. Broker may not be available.
09:35:57.232 [org.springframework.kafka.KafkaListenerEndpointContainer#0-0-C-1] WARN  o.apache.kafka.clients.NetworkClient - [Consumer clientId=consumer-1, groupId=payment_service_craft] Connection to node -1 could not be established. Broker may not be available.
09:35:57.441 [org.springframework.kafka.KafkaListenerEndpointContainer#0-0-C-1] WARN  o.apache.kafka.clients.NetworkClient - [Consumer clientId=consumer-1, groupId=payment_service_craft] Connection to node -1 could not be established. Broker may not be available.
09:35:57.931 [org.springframework.kafka.KafkaListenerEndpointContainer#0-0-C-1] WARN  o.apache.kafka.clients.NetworkClient - [Consumer clientId=consumer-1, groupId=payment_service_craft] Connection to node -1 could not be established. Broker may not be available.
09:35:58.837 [org.springframework.kafka.KafkaListenerEndpointContainer#0-0-C-1] WARN  o.apache.kafka.clients.NetworkClient - [Consumer clientId=consumer-1, groupId=payment_service_craft] Connection to node -1 could not be established. Broker may not be available.
09:35:59.692 [org.springframework.kafka.KafkaListenerEndpointContainer#0-0-C-1] WARN  o.apache.kafka.clients.NetworkClient - [Consumer clientId=consumer-1, groupId=payment_service_craft] Connection to node -1 could not be established. Broker may not be available.
09:36:00.550 [org.springframework.kafka.KafkaListenerEndpointContainer#0-0-C-1] WARN  o.apache.kafka.clients.NetworkClient - [Consumer clientId=consumer-1, groupId=payment_service_craft] Connection to node -1 could not be established. Broker may not be available.
09:36:01.519 [org.springframework.kafka.KafkaListenerEndpointContainer#0-0-C-1] WARN  o.apache.kafka.clients.NetworkClient - [Consumer clientId=consumer-1, groupId=payment_service_craft] Connection to node -1 could not be established. Broker may not be available.
09:36:02.432 [org.springframework.kafka.KafkaListenerEndpointContainer#0-0-C-1] WARN  o.apache.kafka.clients.NetworkClient - [Consumer clientId=consumer-1, groupId=payment_service_craft] Connection to node -1 could not be established. Broker may not be available.
09:36:03.389 [org.springframework.kafka.KafkaListenerEndpointContainer#0-0-C-1] WARN  o.apache.kafka.clients.NetworkClient - [Consumer clientId=consumer-1, groupId=payment_service_craft] Connection to node -1 could not be established. Broker may not be available.
09:36:04.301 [org.springframework.kafka.KafkaListenerEndpointContainer#0-0-C-1] WARN  o.apache.kafka.clients.NetworkClient - [Consumer clientId=consumer-1, groupId=payment_service_craft] Connection to node -1 could not be established. Broker may not be available.
09:36:05.322 [org.springframework.kafka.KafkaListenerEndpointContainer#0-0-C-1] WARN  o.apache.kafka.clients.NetworkClient - [Consumer clientId=consumer-1, groupId=payment_service_craft] Connection to node -1 could not be established. Broker may not be available.
09:36:06.130 [org.springframework.kafka.KafkaListenerEndpointContainer#0-0-C-1] WARN  o.apache.kafka.clients.NetworkClient - [Consumer clientId=consumer-1, groupId=payment_service_craft] Connection to node -1 could not be established. Broker may not be available.
09:36:07.045 [org.springframework.kafka.KafkaListenerEndpointContainer#0-0-C-1] WARN  o.apache.kafka.clients.NetworkClient - [Consumer clientId=consumer-1, groupId=payment_service_craft] Connection to node -1 could not be established. Broker may not be available.
09:36:08.217 [org.springframework.kafka.KafkaListenerEndpointContainer#0-0-C-1] WARN  o.apache.kafka.clients.NetworkClient - [Consumer clientId=consumer-1, groupId=payment_service_craft] Connection to node -1 could not be established. Broker may not be available.
09:36:09.244 [org.springframework.kafka.KafkaListenerEndpointContainer#0-0-C-1] WARN  o.apache.kafka.clients.NetworkClient - [Consumer clientId=consumer-1, groupId=payment_service_craft] Connection to node -1 could not be established. Broker may not be available.
09:36:10.268 [org.springframework.kafka.KafkaListenerEndpointContainer#0-0-C-1] WARN  o.apache.kafka.clients.NetworkClient - [Consumer clientId=consumer-1, groupId=payment_service_craft] Connection to node -1 could not be established. Broker may not be available.
09:36:11.226 [org.springframework.kafka.KafkaListenerEndpointContainer#0-0-C-1] WARN  o.apache.kafka.clients.NetworkClient - [Consumer clientId=consumer-1, groupId=payment_service_craft] Connection to node -1 could not be established. Broker may not be available.
09:36:12.287 [org.springframework.kafka.KafkaListenerEndpointContainer#0-0-C-1] WARN  o.apache.kafka.clients.NetworkClient - [Consumer clientId=consumer-1, groupId=payment_service_craft] Connection to node -1 could not be established. Broker may not be available.
09:36:13.195 [org.springframework.kafka.KafkaListenerEndpointContainer#0-0-C-1] WARN  o.apache.kafka.clients.NetworkClient - [Consumer clientId=consumer-1, groupId=payment_service_craft] Connection to node -1 could not be established. Broker may not be available.
09:36:14.311 [org.springframework.kafka.KafkaListenerEndpointContainer#0-0-C-1] WARN  o.apache.kafka.clients.NetworkClient - [Consumer clientId=consumer-1, groupId=payment_service_craft] Connection to node -1 could not be established. Broker may not be available.
09:36:15.334 [org.springframework.kafka.KafkaListenerEndpointContainer#0-0-C-1] WARN  o.apache.kafka.clients.NetworkClient - [Consumer clientId=consumer-1, groupId=payment_service_craft] Connection to node -1 could not be established. Broker may not be available.
09:36:16.193 [org.springframework.kafka.KafkaListenerEndpointContainer#0-0-C-1] WARN  o.apache.kafka.clients.NetworkClient - [Consumer clientId=consumer-1, groupId=payment_service_craft] Connection to node -1 could not be established. Broker may not be available.
09:36:17.103 [org.springframework.kafka.KafkaListenerEndpointContainer#0-0-C-1] WARN  o.apache.kafka.clients.NetworkClient - [Consumer clientId=consumer-1, groupId=payment_service_craft] Connection to node -1 could not be established. Broker may not be available.
09:36:18.048 [org.springframework.kafka.KafkaListenerEndpointContainer#0-0-C-1] WARN  o.apache.kafka.clients.NetworkClient - [Consumer clientId=consumer-1, groupId=payment_service_craft] Connection to node -1 could not be established. Broker may not be available.
09:36:18.949 [org.springframework.kafka.KafkaListenerEndpointContainer#0-0-C-1] WARN  o.apache.kafka.clients.NetworkClient - [Consumer clientId=consumer-1, groupId=payment_service_craft] Connection to node -1 could not be established. Broker may not be available.
09:36:20.187 [org.springframework.kafka.KafkaListenerEndpointContainer#0-0-C-1] WARN  o.apache.kafka.clients.NetworkClient - [Consumer clientId=consumer-1, groupId=payment_service_craft] Connection to node -1 could not be established. Broker may not be available.
09:36:21.249 [org.springframework.kafka.KafkaListenerEndpointContainer#0-0-C-1] WARN  o.apache.kafka.clients.NetworkClient - [Consumer clientId=consumer-1, groupId=payment_service_craft] Connection to node -1 could not be established. Broker may not be available.
09:36:22.370 [org.springframework.kafka.KafkaListenerEndpointContainer#0-0-C-1] WARN  o.apache.kafka.clients.NetworkClient - [Consumer clientId=consumer-1, groupId=payment_service_craft] Connection to node -1 could not be established. Broker may not be available.
09:36:23.379 [org.springframework.kafka.KafkaListenerEndpointContainer#0-0-C-1] WARN  o.apache.kafka.clients.NetworkClient - [Consumer clientId=consumer-1, groupId=payment_service_craft] Connection to node -1 could not be established. Broker may not be available.
09:36:24.334 [org.springframework.kafka.KafkaListenerEndpointContainer#0-0-C-1] WARN  o.apache.kafka.clients.NetworkClient - [Consumer clientId=consumer-1, groupId=payment_service_craft] Connection to node -1 could not be established. Broker may not be available.
09:36:25.503 [org.springframework.kafka.KafkaListenerEndpointContainer#0-0-C-1] WARN  o.apache.kafka.clients.NetworkClient - [Consumer clientId=consumer-1, groupId=payment_service_craft] Connection to node -1 could not be established. Broker may not be available.
09:36:26.474 [org.springframework.kafka.KafkaListenerEndpointContainer#0-0-C-1] WARN  o.apache.kafka.clients.NetworkClient - [Consumer clientId=consumer-1, groupId=payment_service_craft] Connection to node -1 could not be established. Broker may not be available.
09:36:27.323 [org.springframework.kafka.KafkaListenerEndpointContainer#0-0-C-1] WARN  o.apache.kafka.clients.NetworkClient - [Consumer clientId=consumer-1, groupId=payment_service_craft] Connection to node -1 could not be established. Broker may not be available.
09:36:28.394 [org.springframework.kafka.KafkaListenerEndpointContainer#0-0-C-1] WARN  o.apache.kafka.clients.NetworkClient - [Consumer clientId=consumer-1, groupId=payment_service_craft] Connection to node -1 could not be established. Broker may not be available.
09:36:29.470 [org.springframework.kafka.KafkaListenerEndpointContainer#0-0-C-1] WARN  o.apache.kafka.clients.NetworkClient - [Consumer clientId=consumer-1, groupId=payment_service_craft] Connection to node -1 could not be established. Broker may not be available.
09:36:30.520 [org.springframework.kafka.KafkaListenerEndpointContainer#0-0-C-1] WARN  o.apache.kafka.clients.NetworkClient - [Consumer clientId=consumer-1, groupId=payment_service_craft] Connection to node -1 could not be established. Broker may not be available.
09:36:31.737 [org.springframework.kafka.KafkaListenerEndpointContainer#0-0-C-1] WARN  o.apache.kafka.clients.NetworkClient - [Consumer clientId=consumer-1, groupId=payment_service_craft] Connection to node -1 could not be established. Broker may not be available.
09:36:32.643 [org.springframework.kafka.KafkaListenerEndpointContainer#0-0-C-1] WARN  o.apache.kafka.clients.NetworkClient - [Consumer clientId=consumer-1, groupId=payment_service_craft] Connection to node -1 could not be established. Broker may not be available.
09:36:33.816 [org.springframework.kafka.KafkaListenerEndpointContainer#0-0-C-1] WARN  o.apache.kafka.clients.NetworkClient - [Consumer clientId=consumer-1, groupId=payment_service_craft] Connection to node -1 could not be established. Broker may not be available.
09:36:34.775 [org.springframework.kafka.KafkaListenerEndpointContainer#0-0-C-1] WARN  o.apache.kafka.clients.NetworkClient - [Consumer clientId=consumer-1, groupId=payment_service_craft] Connection to node -1 could not be established. Broker may not be available.
09:36:35.952 [org.springframework.kafka.KafkaListenerEndpointContainer#0-0-C-1] WARN  o.apache.kafka.clients.NetworkClient - [Consumer clientId=consumer-1, groupId=payment_service_craft] Connection to node -1 could not be established. Broker may not be available.
09:36:37.128 [org.springframework.kafka.KafkaListenerEndpointContainer#0-0-C-1] WARN  o.apache.kafka.clients.NetworkClient - [Consumer clientId=consumer-1, groupId=payment_service_craft] Connection to node -1 could not be established. Broker may not be available.
09:36:38.083 [org.springframework.kafka.KafkaListenerEndpointContainer#0-0-C-1] WARN  o.apache.kafka.clients.NetworkClient - [Consumer clientId=consumer-1, groupId=payment_service_craft] Connection to node -1 could not be established. Broker may not be available.
09:36:38.931 [org.springframework.kafka.KafkaListenerEndpointContainer#0-0-C-1] WARN  o.apache.kafka.clients.NetworkClient - [Consumer clientId=consumer-1, groupId=payment_service_craft] Connection to node -1 could not be established. Broker may not be available.
09:36:40.047 [org.springframework.kafka.KafkaListenerEndpointContainer#0-0-C-1] WARN  o.apache.kafka.clients.NetworkClient - [Consumer clientId=consumer-1, groupId=payment_service_craft] Connection to node -1 could not be established. Broker may not be available.
09:36:40.997 [org.springframework.kafka.KafkaListenerEndpointContainer#0-0-C-1] WARN  o.apache.kafka.clients.NetworkClient - [Consumer clientId=consumer-1, groupId=payment_service_craft] Connection to node -1 could not be established. Broker may not be available.
09:36:42.169 [org.springframework.kafka.KafkaListenerEndpointContainer#0-0-C-1] WARN  o.apache.kafka.clients.NetworkClient - [Consumer clientId=consumer-1, groupId=payment_service_craft] Connection to node -1 could not be established. Broker may not be available.
09:36:43.136 [org.springframework.kafka.KafkaListenerEndpointContainer#0-0-C-1] WARN  o.apache.kafka.clients.NetworkClient - [Consumer clientId=consumer-1, groupId=payment_service_craft] Connection to node -1 could not be established. Broker may not be available.
09:36:44.305 [org.springframework.kafka.KafkaListenerEndpointContainer#0-0-C-1] WARN  o.apache.kafka.clients.NetworkClient - [Consumer clientId=consumer-1, groupId=payment_service_craft] Connection to node -1 could not be established. Broker may not be available.
09:36:45.158 [org.springframework.kafka.KafkaListenerEndpointContainer#0-0-C-1] WARN  o.apache.kafka.clients.NetworkClient - [Consumer clientId=consumer-1, groupId=payment_service_craft] Connection to node -1 could not be established. Broker may not be available.
09:36:46.175 [org.springframework.kafka.KafkaListenerEndpointContainer#0-0-C-1] WARN  o.apache.kafka.clients.NetworkClient - [Consumer clientId=consumer-1, groupId=payment_service_craft] Connection to node -1 could not be established. Broker may not be available.
09:36:47.137 [org.springframework.kafka.KafkaListenerEndpointContainer#0-0-C-1] WARN  o.apache.kafka.clients.NetworkClient - [Consumer clientId=consumer-1, groupId=payment_service_craft] Connection to node -1 could not be established. Broker may not be available.
09:36:48.099 [org.springframework.kafka.KafkaListenerEndpointContainer#0-0-C-1] WARN  o.apache.kafka.clients.NetworkClient - [Consumer clientId=consumer-1, groupId=payment_service_craft] Connection to node -1 could not be established. Broker may not be available.
09:36:49.226 [org.springframework.kafka.KafkaListenerEndpointContainer#0-0-C-1] WARN  o.apache.kafka.clients.NetworkClient - [Consumer clientId=consumer-1, groupId=payment_service_craft] Connection to node -1 could not be established. Broker may not be available.
09:36:50.075 [org.springframework.kafka.KafkaListenerEndpointContainer#0-0-C-1] WARN  o.apache.kafka.clients.NetworkClient - [Consumer clientId=consumer-1, groupId=payment_service_craft] Connection to node -1 could not be established. Broker may not be available.
09:36:50.931 [org.springframework.kafka.KafkaListenerEndpointContainer#0-0-C-1] WARN  o.apache.kafka.clients.NetworkClient - [Consumer clientId=consumer-1, groupId=payment_service_craft] Connection to node -1 could not be established. Broker may not be available.
09:36:52.049 [org.springframework.kafka.KafkaListenerEndpointContainer#0-0-C-1] WARN  o.apache.kafka.clients.NetworkClient - [Consumer clientId=consumer-1, groupId=payment_service_craft] Connection to node -1 could not be established. Broker may not be available.
09:36:53.052 [org.springframework.kafka.KafkaListenerEndpointContainer#0-0-C-1] WARN  o.apache.kafka.clients.NetworkClient - [Consumer clientId=consumer-1, groupId=payment_service_craft] Connection to node -1 could not be established. Broker may not be available.
09:36:54.237 [org.springframework.kafka.KafkaListenerEndpointContainer#0-0-C-1] WARN  o.apache.kafka.clients.NetworkClient - [Consumer clientId=consumer-1, groupId=payment_service_craft] Connection to node -1 could not be established. Broker may not be available.
09:36:55.149 [org.springframework.kafka.KafkaListenerEndpointContainer#0-0-C-1] WARN  o.apache.kafka.clients.NetworkClient - [Consumer clientId=consumer-1, groupId=payment_service_craft] Connection to node -1 could not be established. Broker may not be available.
09:36:56.381 [org.springframework.kafka.KafkaListenerEndpointContainer#0-0-C-1] WARN  o.apache.kafka.clients.NetworkClient - [Consumer clientId=consumer-1, groupId=payment_service_craft] Connection to node -1 could not be established. Broker may not be available.
09:36:57.386 [org.springframework.kafka.KafkaListenerEndpointContainer#0-0-C-1] WARN  o.apache.kafka.clients.NetworkClient - [Consumer clientId=consumer-1, groupId=payment_service_craft] Connection to node -1 could not be established. Broker may not be available.
09:36:58.550 [org.springframework.kafka.KafkaListenerEndpointContainer#0-0-C-1] WARN  o.apache.kafka.clients.NetworkClient - [Consumer clientId=consumer-1, groupId=payment_service_craft] Connection to node -1 could not be established. Broker may not be available.
]]></system-out>
  </testcase>
</testsuite>