<?xml version="1.0" encoding="UTF-8"?>
<testsuite xmlns:xsi="http://www.w3.org/2001/XMLSchema-instance" xsi:noNamespaceSchemaLocation="https://maven.apache.org/surefire/maven-surefire-plugin/xsd/surefire-test-report.xsd" name="com.payment.service.riskengine.SpringKafkaReceiverTest" time="82.788" tests="1" errors="0" skipped="0" failures="1">
  <properties>
[...]
</properties>
  <testcase name="testReceive" classname="com.payment.service.riskengine.SpringKafkaReceiverTest" time="62.552">
    <failure message="expected:&lt;[2]&gt; but was:&lt;[1]&gt;" type="org.junit.ComparisonFailure"><![CDATA[org.junit.ComparisonFailure: expected:<[2]> but was:<[1]>
	at com.payment.service.riskengine.SpringKafkaReceiverTest.setUp(SpringKafkaReceiverTest.java:67)
]]></failure>
    <system-out><![CDATA[14:53:01.376 [main] WARN  k.server.BrokerMetadataCheckpoint - No meta.properties file under dir /var/folders/nb/yq563y516hjb3220yb4zmdhm0000gn/T/kafka-5695563199228002816/meta.properties
14:53:01.818 [main] WARN  k.server.BrokerMetadataCheckpoint - No meta.properties file under dir /var/folders/nb/yq563y516hjb3220yb4zmdhm0000gn/T/kafka-5695563199228002816/meta.properties

  .   ____          _            __ _ _
 /\\ / ___'_ __ _ _(_)_ __  __ _ \ \ \ \
( ( )\___ | '_ | '_| | '_ \/ _` | \ \ \ \
 \\/  ___)| |_)| | | | | || (_| |  ) ) ) )
  '  |____| .__|_| |_|_| |_\__, | / / / /
 =========|_|==============|___/=/_/_/_/
 :: Spring Boot ::        (v2.1.0.RELEASE)

14:53:02.428 [main] INFO  c.p.s.r.SpringKafkaReceiverTest - Starting SpringKafkaReceiverTest on oksanas-mac with PID 26006 (started by oksanas in /Users/oksanas/Documents/payment-server/riskengine)
14:53:02.429 [main] INFO  c.p.s.r.SpringKafkaReceiverTest - No active profile set, falling back to default profiles: default
14:53:07.981 [main] INFO  c.p.s.r.SpringKafkaReceiverTest - Started SpringKafkaReceiverTest in 5.76 seconds (JVM running for 17.287)
]]></system-out>
  </testcase>
</testsuite>